<?xml version="1.0" encoding="UTF-8"?>
<coverage generated="1777813971129" clover="3.2.0">
  <project timestamp="1777813971129" name="All files">
    <metrics statements="127" coveredstatements="123" conditionals="109" coveredconditionals="108" methods="70" coveredmethods="57" elements="306" coveredelements="288" complexity="0" loc="127" ncloc="127" packages="1" files="2" classes="2"/>
    <file name="index.ts" path="D:\code\water-bbs\packages\water-bbs-shared\src\index.ts">
      <metrics statements="0" coveredstatements="0" conditionals="1" coveredconditionals="1" methods="1" coveredmethods="1"/>
    </file>
    <file name="option-result.ts" path="D:\code\water-bbs\packages\water-bbs-shared\src\option-result.ts">
      <metrics statements="127" coveredstatements="123" conditionals="108" coveredconditionals="107" methods="69" coveredmethods="56"/>
      <line num="1" count="1" type="stmt"/>
      <line num="2" count="1" type="stmt"/>
      <line num="3" count="1" type="stmt"/>
      <line num="4" count="1" type="stmt"/>
      <line num="13" count="1" type="cond" truecount="1" falsecount="0"/>
      <line num="14" count="1" type="stmt"/>
      <line num="16" count="1" type="cond" truecount="1" falsecount="0"/>
      <line num="17" count="1" type="cond" truecount="1" falsecount="0"/>
      <line num="19" count="1" type="cond" truecount="1" falsecount="0"/>
      <line num="20" count="23" type="cond" truecount="3" falsecount="0"/>
      <line num="21" count="20" type="stmt"/>
      <line num="22" count="20" type="stmt"/>
      <line num="24" count="1" type="cond" truecount="1" falsecount="0"/>
      <line num="26" count="1" type="cond" truecount="1" falsecount="0"/>
      <line num="27" count="2" type="cond" truecount="2" falsecount="0"/>
      <line num="29" count="1" type="cond" truecount="1" falsecount="0"/>
      <line num="30" count="3" type="cond" truecount="2" falsecount="0"/>
      <line num="33" count="1" type="cond" truecount="1" falsecount="0"/>
      <line num="34" count="1" type="cond" truecount="0" falsecount="1"/>
      <line num="36" count="1" type="cond" truecount="1" falsecount="0"/>
      <line num="37" count="3" type="cond" truecount="2" falsecount="0"/>
      <line num="39" count="1" type="cond" truecount="1" falsecount="0"/>
      <line num="40" count="3" type="cond" truecount="3" falsecount="0"/>
      <line num="42" count="1" type="cond" truecount="1" falsecount="0"/>
      <line num="43" count="3" type="cond" truecount="2" falsecount="0"/>
      <line num="45" count="1" type="cond" truecount="1" falsecount="0"/>
      <line num="46" count="4" type="cond" truecount="2" falsecount="0"/>
      <line num="48" count="1" type="cond" truecount="1" falsecount="0"/>
      <line num="49" count="4" type="cond" truecount="3" falsecount="0"/>
      <line num="51" count="1" type="cond" truecount="1" falsecount="0"/>
      <line num="52" count="3" type="cond" truecount="2" falsecount="0"/>
      <line num="55" count="1" type="cond" truecount="1" falsecount="0"/>
      <line num="56" count="2" type="cond" truecount="2" falsecount="0"/>
      <line num="58" count="1" type="cond" truecount="1" falsecount="0"/>
      <line num="59" count="3" type="cond" truecount="2" falsecount="0"/>
      <line num="62" count="1" type="stmt"/>
      <line num="63" count="0" type="stmt"/>
      <line num="64" count="0" type="stmt"/>
      <line num="65" count="0" type="stmt"/>
      <line num="66" count="0" type="stmt"/>
      <line num="67" count="1" type="cond" truecount="1" falsecount="0"/>
      <line num="68" count="30" type="stmt"/>
      <line num="69" count="30" type="stmt"/>
      <line num="70" count="1" type="cond" truecount="1" falsecount="0"/>
      <line num="71" count="36" type="stmt"/>
      <line num="72" count="36" type="stmt"/>
      <line num="73" count="1" type="cond" truecount="1" falsecount="0"/>
      <line num="74" count="28" type="stmt"/>
      <line num="75" count="28" type="stmt"/>
      <line num="76" count="1" type="cond" truecount="1" falsecount="0"/>
      <line num="77" count="23" type="stmt"/>
      <line num="78" count="23" type="stmt"/>
      <line num="79" count="1" type="cond" truecount="1" falsecount="0"/>
      <line num="80" count="15" type="cond" truecount="3" falsecount="0"/>
      <line num="81" count="13" type="stmt"/>
      <line num="82" count="13" type="stmt"/>
      <line num="84" count="1" type="cond" truecount="1" falsecount="0"/>
      <line num="85" count="2" type="stmt"/>
      <line num="87" count="1" type="cond" truecount="1" falsecount="0"/>
      <line num="88" count="8" type="cond" truecount="3" falsecount="0"/>
      <line num="89" count="6" type="stmt"/>
      <line num="90" count="6" type="stmt"/>
      <line num="92" count="1" type="cond" truecount="1" falsecount="0"/>
      <line num="93" count="2" type="stmt"/>
      <line num="95" count="1" type="cond" truecount="1" falsecount="0"/>
      <line num="96" count="2" type="cond" truecount="2" falsecount="0"/>
      <line num="98" count="1" type="cond" truecount="1" falsecount="0"/>
      <line num="99" count="2" type="cond" truecount="2" falsecount="0"/>
      <line num="102" count="1" type="cond" truecount="1" falsecount="0"/>
      <line num="103" count="3" type="cond" truecount="2" falsecount="0"/>
      <line num="105" count="1" type="cond" truecount="1" falsecount="0"/>
      <line num="106" count="3" type="cond" truecount="2" falsecount="0"/>
      <line num="108" count="1" type="cond" truecount="1" falsecount="0"/>
      <line num="109" count="4" type="stmt"/>
      <line num="110" count="4" type="stmt"/>
      <line num="111" count="4" type="cond" truecount="2" falsecount="0"/>
      <line num="113" count="1" type="cond" truecount="1" falsecount="0"/>
      <line num="114" count="2" type="cond" truecount="2" falsecount="0"/>
      <line num="116" count="1" type="cond" truecount="1" falsecount="0"/>
      <line num="117" count="5" type="stmt"/>
      <line num="118" count="5" type="stmt"/>
      <line num="119" count="5" type="cond" truecount="2" falsecount="0"/>
      <line num="122" count="1" type="cond" truecount="1" falsecount="0"/>
      <line num="123" count="2" type="cond" truecount="2" falsecount="0"/>
      <line num="125" count="1" type="cond" truecount="1" falsecount="0"/>
      <line num="126" count="2" type="cond" truecount="2" falsecount="0"/>
      <line num="129" count="1" type="cond" truecount="1" falsecount="0"/>
      <line num="130" count="2" type="stmt"/>
      <line num="131" count="2" type="stmt"/>
      <line num="132" count="2" type="stmt"/>
      <line num="133" count="2" type="cond" truecount="2" falsecount="0"/>
      <line num="137" count="1" type="cond" truecount="1" falsecount="0"/>
      <line num="138" count="23" type="cond" truecount="1" falsecount="0"/>
      <line num="139" count="23" type="cond" truecount="1" falsecount="0"/>
      <line num="140" count="23" type="cond" truecount="1" falsecount="0"/>
      <line num="141" count="23" type="stmt"/>
      <line num="142" count="23" type="stmt"/>
      <line num="143" count="23" type="stmt"/>
      <line num="144" count="23" type="stmt"/>
      <line num="145" count="23" type="stmt"/>
      <line num="146" count="23" type="stmt"/>
      <line num="147" count="23" type="stmt"/>
      <line num="148" count="23" type="stmt"/>
      <line num="149" count="23" type="cond" truecount="1" falsecount="0"/>
      <line num="150" count="23" type="stmt"/>
      <line num="151" count="23" type="stmt"/>
      <line num="152" count="23" type="stmt"/>
      <line num="153" count="23" type="stmt"/>
      <line num="154" count="23" type="stmt"/>
      <line num="155" count="1" type="cond" truecount="1" falsecount="0"/>
      <line num="156" count="52" type="cond" truecount="1" falsecount="0"/>
      <line num="157" count="52" type="cond" truecount="1" falsecount="0"/>
      <line num="158" count="52" type="cond" truecount="1" falsecount="0"/>
      <line num="159" count="52" type="cond" truecount="1" falsecount="0"/>
      <line num="160" count="52" type="cond" truecount="1" falsecount="0"/>
      <line num="161" count="52" type="cond" truecount="1" falsecount="0"/>
      <line num="162" count="52" type="cond" truecount="1" falsecount="0"/>
      <line num="163" count="52" type="cond" truecount="1" falsecount="0"/>
      <line num="164" count="52" type="cond" truecount="1" falsecount="0"/>
      <line num="165" count="52" type="cond" truecount="1" falsecount="0"/>
      <line num="166" count="52" type="cond" truecount="1" falsecount="0"/>
      <line num="167" count="52" type="cond" truecount="1" falsecount="0"/>
      <line num="168" count="52" type="cond" truecount="1" falsecount="0"/>
      <line num="169" count="52" type="cond" truecount="1" falsecount="0"/>
      <line num="170" count="52" type="cond" truecount="1" falsecount="0"/>
      <line num="171" count="52" type="cond" truecount="1" falsecount="0"/>
      <line num="172" count="52" type="stmt"/>
    </file>
  </project>
</coverage>
