{"D:\\code\\water-bbs\\packages\\water-bbs-shared\\src\\index.ts": {"path":"D:\\code\\water-bbs\\packages\\water-bbs-shared\\src\\index.ts","all":true,"statementMap":{},"s":{},"branchMap":{"0":{"type":"branch","line":1,"loc":{"start":{"line":1,"column":0},"end":{"line":1,"column":0}},"locations":[{"start":{"line":1,"column":0},"end":{"line":1,"column":0}}]}},"b":{"0":[1]},"fnMap":{"0":{"name":"(empty-report)","decl":{"start":{"line":1,"column":0},"end":{"line":1,"column":0}},"loc":{"start":{"line":1,"column":0},"end":{"line":1,"column":0}},"line":1}},"f":{"0":1}}
,"D:\\code\\water-bbs\\packages\\water-bbs-shared\\src\\option-result.ts": {"path":"D:\\code\\water-bbs\\packages\\water-bbs-shared\\src\\option-result.ts","all":false,"statementMap":{"0":{"start":{"line":1,"column":0},"end":{"line":1,"column":38}},"1":{"start":{"line":2,"column":0},"end":{"line":2,"column":40}},"2":{"start":{"line":3,"column":0},"end":{"line":3,"column":42}},"3":{"start":{"line":4,"column":0},"end":{"line":4,"column":42}},"12":{"start":{"line":13,"column":0},"end":{"line":13,"column":79}},"13":{"start":{"line":14,"column":0},"end":{"line":14,"column":57}},"15":{"start":{"line":16,"column":0},"end":{"line":16,"column":86}},"16":{"start":{"line":17,"column":0},"end":{"line":17,"column":83}},"18":{"start":{"line":19,"column":0},"end":{"line":19,"column":69}},"19":{"start":{"line":20,"column":0},"end":{"line":20,"column":85}},"20":{"start":{"line":21,"column":0},"end":{"line":21,"column":19}},"21":{"start":{"line":22,"column":0},"end":{"line":22,"column":2}},"23":{"start":{"line":24,"column":0},"end":{"line":24,"column":90}},"25":{"start":{"line":26,"column":0},"end":{"line":26,"column":66}},"26":{"start":{"line":27,"column":0},"end":{"line":27,"column":41}},"28":{"start":{"line":29,"column":0},"end":{"line":29,"column":66}},"29":{"start":{"line":30,"column":0},"end":{"line":30,"column":33}},"32":{"start":{"line":33,"column":0},"end":{"line":33,"column":82}},"33":{"start":{"line":34,"column":0},"end":{"line":34,"column":43}},"35":{"start":{"line":36,"column":0},"end":{"line":36,"column":94}},"36":{"start":{"line":37,"column":0},"end":{"line":37,"column":37}},"38":{"start":{"line":39,"column":0},"end":{"line":39,"column":95}},"39":{"start":{"line":40,"column":0},"end":{"line":40,"column":51}},"41":{"start":{"line":42,"column":0},"end":{"line":42,"column":75}},"42":{"start":{"line":43,"column":0},"end":{"line":43,"column":28}},"44":{"start":{"line":45,"column":0},"end":{"line":45,"column":82}},"45":{"start":{"line":46,"column":0},"end":{"line":46,"column":27}},"47":{"start":{"line":48,"column":0},"end":{"line":48,"column":84}},"48":{"start":{"line":49,"column":0},"end":{"line":49,"column":71}},"50":{"start":{"line":51,"column":0},"end":{"line":51,"column":79}},"51":{"start":{"line":52,"column":0},"end":{"line":52,"column":29}},"54":{"start":{"line":55,"column":0},"end":{"line":55,"column":69}},"55":{"start":{"line":56,"column":0},"end":{"line":56,"column":43}},"57":{"start":{"line":58,"column":0},"end":{"line":58,"column":76}},"58":{"start":{"line":59,"column":0},"end":{"line":59,"column":42}},"61":{"start":{"line":62,"column":0},"end":{"line":62,"column":34}},"62":{"start":{"line":63,"column":0},"end":{"line":63,"column":17}},"63":{"start":{"line":64,"column":0},"end":{"line":64,"column":26}},"64":{"start":{"line":65,"column":0},"end":{"line":65,"column":18}},"65":{"start":{"line":66,"column":0},"end":{"line":66,"column":53}},"66":{"start":{"line":67,"column":0},"end":{"line":67,"column":66}},"67":{"start":{"line":68,"column":0},"end":{"line":68,"column":34}},"68":{"start":{"line":69,"column":0},"end":{"line":69,"column":1}},"69":{"start":{"line":70,"column":0},"end":{"line":70,"column":64}},"70":{"start":{"line":71,"column":0},"end":{"line":71,"column":33}},"71":{"start":{"line":72,"column":0},"end":{"line":72,"column":1}},"72":{"start":{"line":73,"column":0},"end":{"line":73,"column":43}},"73":{"start":{"line":74,"column":0},"end":{"line":74,"column":36}},"74":{"start":{"line":75,"column":0},"end":{"line":75,"column":1}},"75":{"start":{"line":76,"column":0},"end":{"line":76,"column":43}},"76":{"start":{"line":77,"column":0},"end":{"line":77,"column":43}},"77":{"start":{"line":78,"column":0},"end":{"line":78,"column":1}},"78":{"start":{"line":79,"column":0},"end":{"line":79,"column":75}},"79":{"start":{"line":80,"column":0},"end":{"line":80,"column":84}},"80":{"start":{"line":81,"column":0},"end":{"line":81,"column":19}},"81":{"start":{"line":82,"column":0},"end":{"line":82,"column":2}},"83":{"start":{"line":84,"column":0},"end":{"line":84,"column":72}},"84":{"start":{"line":85,"column":0},"end":{"line":85,"column":25}},"86":{"start":{"line":87,"column":0},"end":{"line":87,"column":72}},"87":{"start":{"line":88,"column":0},"end":{"line":88,"column":79}},"88":{"start":{"line":89,"column":0},"end":{"line":89,"column":19}},"89":{"start":{"line":90,"column":0},"end":{"line":90,"column":2}},"91":{"start":{"line":92,"column":0},"end":{"line":92,"column":69}},"92":{"start":{"line":93,"column":0},"end":{"line":93,"column":22}},"94":{"start":{"line":95,"column":0},"end":{"line":95,"column":78}},"95":{"start":{"line":96,"column":0},"end":{"line":96,"column":39}},"97":{"start":{"line":98,"column":0},"end":{"line":98,"column":84}},"98":{"start":{"line":99,"column":0},"end":{"line":99,"column":40}},"101":{"start":{"line":102,"column":0},"end":{"line":102,"column":84}},"102":{"start":{"line":103,"column":0},"end":{"line":103,"column":38}},"104":{"start":{"line":105,"column":0},"end":{"line":105,"column":88}},"105":{"start":{"line":106,"column":0},"end":{"line":106,"column":40}},"107":{"start":{"line":108,"column":0},"end":{"line":108,"column":39}},"108":{"start":{"line":109,"column":0},"end":{"line":109,"column":20}},"109":{"start":{"line":110,"column":0},"end":{"line":110,"column":33}},"110":{"start":{"line":111,"column":0},"end":{"line":111,"column":53}},"112":{"start":{"line":113,"column":0},"end":{"line":113,"column":80}},"113":{"start":{"line":114,"column":0},"end":{"line":114,"column":26}},"115":{"start":{"line":116,"column":0},"end":{"line":116,"column":35}},"116":{"start":{"line":117,"column":0},"end":{"line":117,"column":20}},"117":{"start":{"line":118,"column":0},"end":{"line":118,"column":33}},"118":{"start":{"line":119,"column":0},"end":{"line":119,"column":53}},"121":{"start":{"line":122,"column":0},"end":{"line":122,"column":65}},"122":{"start":{"line":123,"column":0},"end":{"line":123,"column":37}},"124":{"start":{"line":125,"column":0},"end":{"line":125,"column":66}},"125":{"start":{"line":126,"column":0},"end":{"line":126,"column":38}},"128":{"start":{"line":129,"column":0},"end":{"line":129,"column":37}},"129":{"start":{"line":130,"column":0},"end":{"line":130,"column":20}},"130":{"start":{"line":131,"column":0},"end":{"line":131,"column":24}},"131":{"start":{"line":132,"column":0},"end":{"line":132,"column":25}},"132":{"start":{"line":133,"column":0},"end":{"line":133,"column":57}},"136":{"start":{"line":137,"column":0},"end":{"line":137,"column":51}},"137":{"start":{"line":138,"column":0},"end":{"line":138,"column":28}},"138":{"start":{"line":139,"column":0},"end":{"line":139,"column":28}},"139":{"start":{"line":140,"column":0},"end":{"line":140,"column":66}},"140":{"start":{"line":141,"column":0},"end":{"line":141,"column":82}},"141":{"start":{"line":142,"column":0},"end":{"line":142,"column":89}},"142":{"start":{"line":143,"column":0},"end":{"line":143,"column":42}},"143":{"start":{"line":144,"column":0},"end":{"line":144,"column":50}},"144":{"start":{"line":145,"column":0},"end":{"line":145,"column":61}},"145":{"start":{"line":146,"column":0},"end":{"line":146,"column":69}},"146":{"start":{"line":147,"column":0},"end":{"line":147,"column":66}},"147":{"start":{"line":148,"column":0},"end":{"line":148,"column":66}},"148":{"start":{"line":149,"column":0},"end":{"line":149,"column":51}},"149":{"start":{"line":150,"column":0},"end":{"line":150,"column":50}},"150":{"start":{"line":151,"column":0},"end":{"line":151,"column":61}},"151":{"start":{"line":152,"column":0},"end":{"line":152,"column":55}},"152":{"start":{"line":153,"column":0},"end":{"line":153,"column":91}},"153":{"start":{"line":154,"column":0},"end":{"line":154,"column":3}},"154":{"start":{"line":155,"column":0},"end":{"line":155,"column":57}},"155":{"start":{"line":156,"column":0},"end":{"line":156,"column":24}},"156":{"start":{"line":157,"column":0},"end":{"line":157,"column":26}},"157":{"start":{"line":158,"column":0},"end":{"line":158,"column":66}},"158":{"start":{"line":159,"column":0},"end":{"line":159,"column":66}},"159":{"start":{"line":160,"column":0},"end":{"line":160,"column":85}},"160":{"start":{"line":161,"column":0},"end":{"line":161,"column":64}},"161":{"start":{"line":162,"column":0},"end":{"line":162,"column":80}},"162":{"start":{"line":163,"column":0},"end":{"line":163,"column":28}},"163":{"start":{"line":164,"column":0},"end":{"line":164,"column":30}},"164":{"start":{"line":165,"column":0},"end":{"line":165,"column":51}},"165":{"start":{"line":166,"column":0},"end":{"line":166,"column":50}},"166":{"start":{"line":167,"column":0},"end":{"line":167,"column":51}},"167":{"start":{"line":168,"column":0},"end":{"line":168,"column":50}},"168":{"start":{"line":169,"column":0},"end":{"line":169,"column":67}},"169":{"start":{"line":170,"column":0},"end":{"line":170,"column":69}},"170":{"start":{"line":171,"column":0},"end":{"line":171,"column":93}},"171":{"start":{"line":172,"column":0},"end":{"line":172,"column":3}}},"s":{"0":1,"1":1,"2":1,"3":1,"12":1,"13":1,"15":1,"16":1,"18":1,"19":23,"20":20,"21":20,"23":1,"25":1,"26":2,"28":1,"29":3,"32":1,"33":1,"35":1,"36":3,"38":1,"39":3,"41":1,"42":3,"44":1,"45":4,"47":1,"48":4,"50":1,"51":3,"54":1,"55":2,"57":1,"58":3,"61":1,"62":0,"63":0,"64":0,"65":0,"66":1,"67":30,"68":30,"69":1,"70":36,"71":36,"72":1,"73":28,"74":28,"75":1,"76":23,"77":23,"78":1,"79":15,"80":13,"81":13,"83":1,"84":2,"86":1,"87":8,"88":6,"89":6,"91":1,"92":2,"94":1,"95":2,"97":1,"98":2,"101":1,"102":3,"104":1,"105":3,"107":1,"108":4,"109":4,"110":4,"112":1,"113":2,"115":1,"116":5,"117":5,"118":5,"121":1,"122":2,"124":1,"125":2,"128":1,"129":2,"130":2,"131":2,"132":2,"136":1,"137":23,"138":23,"139":23,"140":23,"141":23,"142":23,"143":23,"144":23,"145":23,"146":23,"147":23,"148":23,"149":23,"150":23,"151":23,"152":23,"153":23,"154":1,"155":52,"156":52,"157":52,"158":52,"159":52,"160":52,"161":52,"162":52,"163":52,"164":52,"165":52,"166":52,"167":52,"168":52,"169":52,"170":52,"171":52},"branchMap":{"0":{"type":"branch","line":13,"loc":{"start":{"line":13,"column":20},"end":{"line":13,"column":79}},"locations":[{"start":{"line":13,"column":20},"end":{"line":13,"column":79}}]},"1":{"type":"branch","line":16,"loc":{"start":{"line":16,"column":22},"end":{"line":16,"column":86}},"locations":[{"start":{"line":16,"column":22},"end":{"line":16,"column":86}}]},"2":{"type":"branch","line":17,"loc":{"start":{"line":17,"column":22},"end":{"line":17,"column":83}},"locations":[{"start":{"line":17,"column":22},"end":{"line":17,"column":83}}]},"3":{"type":"branch","line":19,"loc":{"start":{"line":19,"column":28},"end":{"line":22,"column":2}},"locations":[{"start":{"line":19,"column":28},"end":{"line":22,"column":2}}]},"4":{"type":"branch","line":20,"loc":{"start":{"line":20,"column":19},"end":{"line":20,"column":85}},"locations":[{"start":{"line":20,"column":19},"end":{"line":20,"column":85}}]},"5":{"type":"branch","line":20,"loc":{"start":{"line":20,"column":35},"end":{"line":20,"column":83}},"locations":[{"start":{"line":20,"column":35},"end":{"line":20,"column":83}}]},"6":{"type":"branch","line":20,"loc":{"start":{"line":20,"column":83},"end":{"line":22,"column":2}},"locations":[{"start":{"line":20,"column":83},"end":{"line":22,"column":2}}]},"7":{"type":"branch","line":24,"loc":{"start":{"line":24,"column":28},"end":{"line":24,"column":90}},"locations":[{"start":{"line":24,"column":28},"end":{"line":24,"column":90}}]},"8":{"type":"branch","line":26,"loc":{"start":{"line":26,"column":24},"end":{"line":27,"column":41}},"locations":[{"start":{"line":26,"column":24},"end":{"line":27,"column":41}}]},"9":{"type":"branch","line":27,"loc":{"start":{"line":27,"column":12},"end":{"line":27,"column":28}},"locations":[{"start":{"line":27,"column":12},"end":{"line":27,"column":28}}]},"10":{"type":"branch","line":27,"loc":{"start":{"line":27,"column":20},"end":{"line":27,"column":41}},"locations":[{"start":{"line":27,"column":20},"end":{"line":27,"column":41}}]},"11":{"type":"branch","line":29,"loc":{"start":{"line":29,"column":28},"end":{"line":30,"column":33}},"locations":[{"start":{"line":29,"column":28},"end":{"line":30,"column":33}}]},"12":{"type":"branch","line":30,"loc":{"start":{"line":30,"column":12},"end":{"line":30,"column":28}},"locations":[{"start":{"line":30,"column":12},"end":{"line":30,"column":28}}]},"13":{"type":"branch","line":30,"loc":{"start":{"line":30,"column":20},"end":{"line":30,"column":33}},"locations":[{"start":{"line":30,"column":20},"end":{"line":30,"column":33}}]},"14":{"type":"branch","line":33,"loc":{"start":{"line":33,"column":25},"end":{"line":34,"column":43}},"locations":[{"start":{"line":33,"column":25},"end":{"line":34,"column":43}}]},"15":{"type":"branch","line":34,"loc":{"start":{"line":34,"column":34},"end":{"line":34,"column":43}},"locations":[{"start":{"line":34,"column":34},"end":{"line":34,"column":43}}]},"16":{"type":"branch","line":36,"loc":{"start":{"line":36,"column":29},"end":{"line":37,"column":37}},"locations":[{"start":{"line":36,"column":29},"end":{"line":37,"column":37}}]},"17":{"type":"branch","line":37,"loc":{"start":{"line":37,"column":12},"end":{"line":37,"column":32}},"locations":[{"start":{"line":37,"column":12},"end":{"line":37,"column":32}}]},"18":{"type":"branch","line":37,"loc":{"start":{"line":37,"column":28},"end":{"line":37,"column":37}},"locations":[{"start":{"line":37,"column":28},"end":{"line":37,"column":37}}]},"19":{"type":"branch","line":39,"loc":{"start":{"line":39,"column":28},"end":{"line":40,"column":51}},"locations":[{"start":{"line":39,"column":28},"end":{"line":40,"column":51}}]},"20":{"type":"branch","line":40,"loc":{"start":{"line":40,"column":12},"end":{"line":40,"column":40}},"locations":[{"start":{"line":40,"column":12},"end":{"line":40,"column":40}}]},"21":{"type":"branch","line":40,"loc":{"start":{"line":40,"column":36},"end":{"line":40,"column":46}},"locations":[{"start":{"line":40,"column":36},"end":{"line":40,"column":46}}]},"22":{"type":"branch","line":40,"loc":{"start":{"line":40,"column":40},"end":{"line":40,"column":51}},"locations":[{"start":{"line":40,"column":40},"end":{"line":40,"column":51}}]},"23":{"type":"branch","line":42,"loc":{"start":{"line":42,"column":24},"end":{"line":43,"column":28}},"locations":[{"start":{"line":42,"column":24},"end":{"line":43,"column":28}}]},"24":{"type":"branch","line":43,"loc":{"start":{"line":43,"column":12},"end":{"line":43,"column":22}},"locations":[{"start":{"line":43,"column":12},"end":{"line":43,"column":22}}]},"25":{"type":"branch","line":43,"loc":{"start":{"line":43,"column":16},"end":{"line":43,"column":28}},"locations":[{"start":{"line":43,"column":16},"end":{"line":43,"column":28}}]},"26":{"type":"branch","line":45,"loc":{"start":{"line":45,"column":28},"end":{"line":46,"column":27}},"locations":[{"start":{"line":45,"column":28},"end":{"line":46,"column":27}}]},"27":{"type":"branch","line":46,"loc":{"start":{"line":46,"column":12},"end":{"line":46,"column":22}},"locations":[{"start":{"line":46,"column":12},"end":{"line":46,"column":22}}]},"28":{"type":"branch","line":46,"loc":{"start":{"line":46,"column":16},"end":{"line":46,"column":27}},"locations":[{"start":{"line":46,"column":16},"end":{"line":46,"column":27}}]},"29":{"type":"branch","line":48,"loc":{"start":{"line":48,"column":25},"end":{"line":49,"column":71}},"locations":[{"start":{"line":48,"column":25},"end":{"line":49,"column":71}}]},"30":{"type":"branch","line":49,"loc":{"start":{"line":49,"column":12},"end":{"line":49,"column":33}},"locations":[{"start":{"line":49,"column":12},"end":{"line":49,"column":33}}]},"31":{"type":"branch","line":49,"loc":{"start":{"line":49,"column":29},"end":{"line":49,"column":66}},"locations":[{"start":{"line":49,"column":29},"end":{"line":49,"column":66}}]},"32":{"type":"branch","line":49,"loc":{"start":{"line":49,"column":62},"end":{"line":49,"column":71}},"locations":[{"start":{"line":49,"column":62},"end":{"line":49,"column":71}}]},"33":{"type":"branch","line":51,"loc":{"start":{"line":51,"column":25},"end":{"line":52,"column":29}},"locations":[{"start":{"line":51,"column":25},"end":{"line":52,"column":29}}]},"34":{"type":"branch","line":52,"loc":{"start":{"line":52,"column":12},"end":{"line":52,"column":24}},"locations":[{"start":{"line":52,"column":12},"end":{"line":52,"column":24}}]},"35":{"type":"branch","line":52,"loc":{"start":{"line":52,"column":16},"end":{"line":52,"column":29}},"locations":[{"start":{"line":52,"column":16},"end":{"line":52,"column":29}}]},"36":{"type":"branch","line":55,"loc":{"start":{"line":55,"column":20},"end":{"line":56,"column":43}},"locations":[{"start":{"line":55,"column":20},"end":{"line":56,"column":43}}]},"37":{"type":"branch","line":56,"loc":{"start":{"line":56,"column":12},"end":{"line":56,"column":32}},"locations":[{"start":{"line":56,"column":12},"end":{"line":56,"column":32}}]},"38":{"type":"branch","line":56,"loc":{"start":{"line":56,"column":28},"end":{"line":56,"column":43}},"locations":[{"start":{"line":56,"column":28},"end":{"line":56,"column":43}}]},"39":{"type":"branch","line":58,"loc":{"start":{"line":58,"column":24},"end":{"line":59,"column":42}},"locations":[{"start":{"line":58,"column":24},"end":{"line":59,"column":42}}]},"40":{"type":"branch","line":59,"loc":{"start":{"line":59,"column":12},"end":{"line":59,"column":32}},"locations":[{"start":{"line":59,"column":12},"end":{"line":59,"column":32}}]},"41":{"type":"branch","line":59,"loc":{"start":{"line":59,"column":28},"end":{"line":59,"column":42}},"locations":[{"start":{"line":59,"column":28},"end":{"line":59,"column":42}}]},"42":{"type":"branch","line":67,"loc":{"start":{"line":67,"column":21},"end":{"line":69,"column":1}},"locations":[{"start":{"line":67,"column":21},"end":{"line":69,"column":1}}]},"43":{"type":"branch","line":70,"loc":{"start":{"line":70,"column":20},"end":{"line":72,"column":1}},"locations":[{"start":{"line":70,"column":20},"end":{"line":72,"column":1}}]},"44":{"type":"branch","line":73,"loc":{"start":{"line":73,"column":18},"end":{"line":75,"column":1}},"locations":[{"start":{"line":73,"column":18},"end":{"line":75,"column":1}}]},"45":{"type":"branch","line":76,"loc":{"start":{"line":76,"column":19},"end":{"line":78,"column":1}},"locations":[{"start":{"line":76,"column":19},"end":{"line":78,"column":1}}]},"46":{"type":"branch","line":79,"loc":{"start":{"line":79,"column":28},"end":{"line":82,"column":2}},"locations":[{"start":{"line":79,"column":28},"end":{"line":82,"column":2}}]},"47":{"type":"branch","line":80,"loc":{"start":{"line":80,"column":18},"end":{"line":80,"column":84}},"locations":[{"start":{"line":80,"column":18},"end":{"line":80,"column":84}}]},"48":{"type":"branch","line":80,"loc":{"start":{"line":80,"column":34},"end":{"line":80,"column":82}},"locations":[{"start":{"line":80,"column":34},"end":{"line":80,"column":82}}]},"49":{"type":"branch","line":80,"loc":{"start":{"line":80,"column":82},"end":{"line":82,"column":2}},"locations":[{"start":{"line":80,"column":82},"end":{"line":82,"column":2}}]},"50":{"type":"branch","line":84,"loc":{"start":{"line":84,"column":28},"end":{"line":85,"column":25}},"locations":[{"start":{"line":84,"column":28},"end":{"line":85,"column":25}}]},"51":{"type":"branch","line":87,"loc":{"start":{"line":87,"column":25},"end":{"line":90,"column":2}},"locations":[{"start":{"line":87,"column":25},"end":{"line":90,"column":2}}]},"52":{"type":"branch","line":88,"loc":{"start":{"line":88,"column":17},"end":{"line":88,"column":79}},"locations":[{"start":{"line":88,"column":17},"end":{"line":88,"column":79}}]},"53":{"type":"branch","line":88,"loc":{"start":{"line":88,"column":33},"end":{"line":88,"column":77}},"locations":[{"start":{"line":88,"column":33},"end":{"line":88,"column":77}}]},"54":{"type":"branch","line":88,"loc":{"start":{"line":88,"column":77},"end":{"line":90,"column":2}},"locations":[{"start":{"line":88,"column":77},"end":{"line":90,"column":2}}]},"55":{"type":"branch","line":92,"loc":{"start":{"line":92,"column":25},"end":{"line":93,"column":22}},"locations":[{"start":{"line":92,"column":25},"end":{"line":93,"column":22}}]},"56":{"type":"branch","line":95,"loc":{"start":{"line":95,"column":30},"end":{"line":96,"column":39}},"locations":[{"start":{"line":95,"column":30},"end":{"line":96,"column":39}}]},"57":{"type":"branch","line":96,"loc":{"start":{"line":96,"column":10},"end":{"line":96,"column":26}},"locations":[{"start":{"line":96,"column":10},"end":{"line":96,"column":26}}]},"58":{"type":"branch","line":96,"loc":{"start":{"line":96,"column":18},"end":{"line":96,"column":39}},"locations":[{"start":{"line":96,"column":18},"end":{"line":96,"column":39}}]},"59":{"type":"branch","line":98,"loc":{"start":{"line":98,"column":34},"end":{"line":99,"column":40}},"locations":[{"start":{"line":98,"column":34},"end":{"line":99,"column":40}}]},"60":{"type":"branch","line":99,"loc":{"start":{"line":99,"column":10},"end":{"line":99,"column":26}},"locations":[{"start":{"line":99,"column":10},"end":{"line":99,"column":26}}]},"61":{"type":"branch","line":99,"loc":{"start":{"line":99,"column":18},"end":{"line":99,"column":40}},"locations":[{"start":{"line":99,"column":18},"end":{"line":99,"column":40}}]},"62":{"type":"branch","line":102,"loc":{"start":{"line":102,"column":18},"end":{"line":103,"column":38}},"locations":[{"start":{"line":102,"column":18},"end":{"line":103,"column":38}}]},"63":{"type":"branch","line":103,"loc":{"start":{"line":103,"column":10},"end":{"line":103,"column":34}},"locations":[{"start":{"line":103,"column":10},"end":{"line":103,"column":34}}]},"64":{"type":"branch","line":103,"loc":{"start":{"line":103,"column":30},"end":{"line":103,"column":38}},"locations":[{"start":{"line":103,"column":30},"end":{"line":103,"column":38}}]},"65":{"type":"branch","line":105,"loc":{"start":{"line":105,"column":22},"end":{"line":106,"column":40}},"locations":[{"start":{"line":105,"column":22},"end":{"line":106,"column":40}}]},"66":{"type":"branch","line":106,"loc":{"start":{"line":106,"column":11},"end":{"line":106,"column":36}},"locations":[{"start":{"line":106,"column":11},"end":{"line":106,"column":36}}]},"67":{"type":"branch","line":106,"loc":{"start":{"line":106,"column":32},"end":{"line":106,"column":40}},"locations":[{"start":{"line":106,"column":32},"end":{"line":106,"column":40}}]},"68":{"type":"branch","line":108,"loc":{"start":{"line":108,"column":29},"end":{"line":111,"column":53}},"locations":[{"start":{"line":108,"column":29},"end":{"line":111,"column":53}}]},"69":{"type":"branch","line":111,"loc":{"start":{"line":111,"column":28},"end":{"line":111,"column":48}},"locations":[{"start":{"line":111,"column":28},"end":{"line":111,"column":48}}]},"70":{"type":"branch","line":111,"loc":{"start":{"line":111,"column":44},"end":{"line":111,"column":53}},"locations":[{"start":{"line":111,"column":44},"end":{"line":111,"column":53}}]},"71":{"type":"branch","line":113,"loc":{"start":{"line":113,"column":17},"end":{"line":114,"column":26}},"locations":[{"start":{"line":113,"column":17},"end":{"line":114,"column":26}}]},"72":{"type":"branch","line":114,"loc":{"start":{"line":114,"column":10},"end":{"line":114,"column":20}},"locations":[{"start":{"line":114,"column":10},"end":{"line":114,"column":20}}]},"73":{"type":"branch","line":114,"loc":{"start":{"line":114,"column":14},"end":{"line":114,"column":26}},"locations":[{"start":{"line":114,"column":14},"end":{"line":114,"column":26}}]},"74":{"type":"branch","line":116,"loc":{"start":{"line":116,"column":28},"end":{"line":119,"column":53}},"locations":[{"start":{"line":116,"column":28},"end":{"line":119,"column":53}}]},"75":{"type":"branch","line":119,"loc":{"start":{"line":119,"column":28},"end":{"line":119,"column":38}},"locations":[{"start":{"line":119,"column":28},"end":{"line":119,"column":38}}]},"76":{"type":"branch","line":119,"loc":{"start":{"line":119,"column":32},"end":{"line":119,"column":53}},"locations":[{"start":{"line":119,"column":32},"end":{"line":119,"column":53}}]},"77":{"type":"branch","line":122,"loc":{"start":{"line":122,"column":26},"end":{"line":123,"column":37}},"locations":[{"start":{"line":122,"column":26},"end":{"line":123,"column":37}}]},"78":{"type":"branch","line":123,"loc":{"start":{"line":123,"column":10},"end":{"line":123,"column":32}},"locations":[{"start":{"line":123,"column":10},"end":{"line":123,"column":32}}]},"79":{"type":"branch","line":123,"loc":{"start":{"line":123,"column":28},"end":{"line":123,"column":37}},"locations":[{"start":{"line":123,"column":28},"end":{"line":123,"column":37}}]},"80":{"type":"branch","line":125,"loc":{"start":{"line":125,"column":27},"end":{"line":126,"column":38}},"locations":[{"start":{"line":125,"column":27},"end":{"line":126,"column":38}}]},"81":{"type":"branch","line":126,"loc":{"start":{"line":126,"column":11},"end":{"line":126,"column":33}},"locations":[{"start":{"line":126,"column":11},"end":{"line":126,"column":33}}]},"82":{"type":"branch","line":126,"loc":{"start":{"line":126,"column":29},"end":{"line":126,"column":38}},"locations":[{"start":{"line":126,"column":29},"end":{"line":126,"column":38}}]},"83":{"type":"branch","line":129,"loc":{"start":{"line":129,"column":27},"end":{"line":133,"column":57}},"locations":[{"start":{"line":129,"column":27},"end":{"line":133,"column":57}}]},"84":{"type":"branch","line":133,"loc":{"start":{"line":133,"column":17},"end":{"line":133,"column":39}},"locations":[{"start":{"line":133,"column":17},"end":{"line":133,"column":39}}]},"85":{"type":"branch","line":133,"loc":{"start":{"line":133,"column":35},"end":{"line":133,"column":57}},"locations":[{"start":{"line":133,"column":35},"end":{"line":133,"column":57}}]},"86":{"type":"branch","line":137,"loc":{"start":{"line":137,"column":26},"end":{"line":154,"column":3}},"locations":[{"start":{"line":137,"column":26},"end":{"line":154,"column":3}}]},"87":{"type":"branch","line":138,"loc":{"start":{"line":138,"column":10},"end":{"line":138,"column":28}},"locations":[{"start":{"line":138,"column":10},"end":{"line":138,"column":28}}]},"88":{"type":"branch","line":139,"loc":{"start":{"line":139,"column":10},"end":{"line":139,"column":28}},"locations":[{"start":{"line":139,"column":10},"end":{"line":139,"column":28}}]},"89":{"type":"branch","line":140,"loc":{"start":{"line":140,"column":7},"end":{"line":140,"column":66}},"locations":[{"start":{"line":140,"column":7},"end":{"line":140,"column":66}}]},"90":{"type":"branch","line":149,"loc":{"start":{"line":149,"column":10},"end":{"line":149,"column":51}},"locations":[{"start":{"line":149,"column":10},"end":{"line":149,"column":51}}]},"91":{"type":"branch","line":155,"loc":{"start":{"line":155,"column":26},"end":{"line":172,"column":3}},"locations":[{"start":{"line":155,"column":26},"end":{"line":172,"column":3}}]},"92":{"type":"branch","line":156,"loc":{"start":{"line":156,"column":8},"end":{"line":156,"column":24}},"locations":[{"start":{"line":156,"column":8},"end":{"line":156,"column":24}}]},"93":{"type":"branch","line":157,"loc":{"start":{"line":157,"column":9},"end":{"line":157,"column":26}},"locations":[{"start":{"line":157,"column":9},"end":{"line":157,"column":26}}]},"94":{"type":"branch","line":158,"loc":{"start":{"line":158,"column":7},"end":{"line":158,"column":66}},"locations":[{"start":{"line":158,"column":7},"end":{"line":158,"column":66}}]},"95":{"type":"branch","line":159,"loc":{"start":{"line":159,"column":10},"end":{"line":159,"column":66}},"locations":[{"start":{"line":159,"column":10},"end":{"line":159,"column":66}}]},"96":{"type":"branch","line":160,"loc":{"start":{"line":160,"column":11},"end":{"line":160,"column":85}},"locations":[{"start":{"line":160,"column":11},"end":{"line":160,"column":85}}]},"97":{"type":"branch","line":161,"loc":{"start":{"line":161,"column":6},"end":{"line":161,"column":64}},"locations":[{"start":{"line":161,"column":6},"end":{"line":161,"column":64}}]},"98":{"type":"branch","line":162,"loc":{"start":{"line":162,"column":10},"end":{"line":162,"column":80}},"locations":[{"start":{"line":162,"column":10},"end":{"line":162,"column":80}}]},"99":{"type":"branch","line":163,"loc":{"start":{"line":163,"column":6},"end":{"line":163,"column":28}},"locations":[{"start":{"line":163,"column":6},"end":{"line":163,"column":28}}]},"100":{"type":"branch","line":164,"loc":{"start":{"line":164,"column":7},"end":{"line":164,"column":30}},"locations":[{"start":{"line":164,"column":7},"end":{"line":164,"column":30}}]},"101":{"type":"branch","line":165,"loc":{"start":{"line":165,"column":10},"end":{"line":165,"column":51}},"locations":[{"start":{"line":165,"column":10},"end":{"line":165,"column":51}}]},"102":{"type":"branch","line":166,"loc":{"start":{"line":166,"column":10},"end":{"line":166,"column":50}},"locations":[{"start":{"line":166,"column":10},"end":{"line":166,"column":50}}]},"103":{"type":"branch","line":167,"loc":{"start":{"line":167,"column":13},"end":{"line":167,"column":51}},"locations":[{"start":{"line":167,"column":13},"end":{"line":167,"column":51}}]},"104":{"type":"branch","line":168,"loc":{"start":{"line":168,"column":13},"end":{"line":168,"column":50}},"locations":[{"start":{"line":168,"column":13},"end":{"line":168,"column":50}}]},"105":{"type":"branch","line":169,"loc":{"start":{"line":169,"column":12},"end":{"line":169,"column":67}},"locations":[{"start":{"line":169,"column":12},"end":{"line":169,"column":67}}]},"106":{"type":"branch","line":170,"loc":{"start":{"line":170,"column":16},"end":{"line":170,"column":69}},"locations":[{"start":{"line":170,"column":16},"end":{"line":170,"column":69}}]},"107":{"type":"branch","line":171,"loc":{"start":{"line":171,"column":9},"end":{"line":171,"column":93}},"locations":[{"start":{"line":171,"column":9},"end":{"line":171,"column":93}}]}},"b":{"0":[53],"1":[50],"2":[43],"3":[23],"4":[3],"5":[1],"6":[20],"7":[2],"8":[2],"9":[1],"10":[1],"11":[3],"12":[2],"13":[1],"14":[1],"15":[0],"16":[3],"17":[2],"18":[1],"19":[3],"20":[2],"21":[1],"22":[2],"23":[3],"24":[1],"25":[2],"26":[4],"27":[2],"28":[2],"29":[4],"30":[2],"31":[1],"32":[3],"33":[3],"34":[2],"35":[1],"36":[2],"37":[1],"38":[1],"39":[3],"40":[2],"41":[1],"42":[30],"43":[36],"44":[28],"45":[23],"46":[15],"47":[2],"48":[1],"49":[13],"50":[2],"51":[8],"52":[2],"53":[1],"54":[6],"55":[2],"56":[2],"57":[1],"58":[1],"59":[2],"60":[1],"61":[1],"62":[3],"63":[2],"64":[1],"65":[3],"66":[2],"67":[1],"68":[4],"69":[2],"70":[2],"71":[2],"72":[1],"73":[1],"74":[5],"75":[2],"76":[3],"77":[2],"78":[1],"79":[1],"80":[2],"81":[1],"82":[1],"83":[2],"84":[1],"85":[1],"86":[23],"87":[7],"88":[7],"89":[1],"90":[8],"91":[52],"92":[4],"93":[6],"94":[3],"95":[3],"96":[4],"97":[2],"98":[5],"99":[2],"100":[2],"101":[11],"102":[2],"103":[6],"104":[2],"105":[2],"106":[2],"107":[2]},"fnMap":{"0":{"name":"some","decl":{"start":{"line":13,"column":20},"end":{"line":13,"column":79}},"loc":{"start":{"line":13,"column":20},"end":{"line":13,"column":79}},"line":13},"1":{"name":"isSome","decl":{"start":{"line":16,"column":22},"end":{"line":16,"column":86}},"loc":{"start":{"line":16,"column":22},"end":{"line":16,"column":86}},"line":16},"2":{"name":"isNone","decl":{"start":{"line":17,"column":22},"end":{"line":17,"column":83}},"loc":{"start":{"line":17,"column":22},"end":{"line":17,"column":83}},"line":17},"3":{"name":"unwrapOption","decl":{"start":{"line":19,"column":28},"end":{"line":22,"column":2}},"loc":{"start":{"line":19,"column":28},"end":{"line":22,"column":2}},"line":19},"4":{"name":"expectOption","decl":{"start":{"line":24,"column":28},"end":{"line":24,"column":90}},"loc":{"start":{"line":24,"column":28},"end":{"line":24,"column":90}},"line":24},"5":{"name":"unwrapOr","decl":{"start":{"line":26,"column":24},"end":{"line":27,"column":41}},"loc":{"start":{"line":26,"column":24},"end":{"line":27,"column":41}},"line":26},"6":{"name":"unwrapOrElse","decl":{"start":{"line":29,"column":28},"end":{"line":30,"column":33}},"loc":{"start":{"line":29,"column":28},"end":{"line":30,"column":33}},"line":29},"7":{"name":"mapOption","decl":{"start":{"line":33,"column":25},"end":{"line":34,"column":43}},"loc":{"start":{"line":33,"column":25},"end":{"line":34,"column":43}},"line":33},"8":{"name":"andThenOption","decl":{"start":{"line":36,"column":29},"end":{"line":37,"column":37}},"loc":{"start":{"line":36,"column":29},"end":{"line":37,"column":37}},"line":36},"9":{"name":"filterOption","decl":{"start":{"line":39,"column":28},"end":{"line":40,"column":51}},"loc":{"start":{"line":39,"column":28},"end":{"line":40,"column":51}},"line":39},"10":{"name":"orOption","decl":{"start":{"line":42,"column":24},"end":{"line":43,"column":28}},"loc":{"start":{"line":42,"column":24},"end":{"line":43,"column":28}},"line":42},"11":{"name":"orElseOption","decl":{"start":{"line":45,"column":28},"end":{"line":46,"column":27}},"loc":{"start":{"line":45,"column":28},"end":{"line":46,"column":27}},"line":45},"12":{"name":"zipOption","decl":{"start":{"line":48,"column":25},"end":{"line":49,"column":71}},"loc":{"start":{"line":48,"column":25},"end":{"line":49,"column":71}},"line":48},"13":{"name":"andOption","decl":{"start":{"line":51,"column":25},"end":{"line":52,"column":29}},"loc":{"start":{"line":51,"column":25},"end":{"line":52,"column":29}},"line":51},"14":{"name":"okOr","decl":{"start":{"line":55,"column":20},"end":{"line":56,"column":43}},"loc":{"start":{"line":55,"column":20},"end":{"line":56,"column":43}},"line":55},"15":{"name":"okOrElse","decl":{"start":{"line":58,"column":24},"end":{"line":59,"column":42}},"loc":{"start":{"line":58,"column":24},"end":{"line":59,"column":42}},"line":58},"16":{"name":"matchOption","decl":{"start":{"line":62,"column":27},"end":{"line":66,"column":53}},"loc":{"start":{"line":62,"column":27},"end":{"line":66,"column":53}},"line":62},"17":{"name":"isErr","decl":{"start":{"line":67,"column":21},"end":{"line":69,"column":1}},"loc":{"start":{"line":67,"column":21},"end":{"line":69,"column":1}},"line":67},"18":{"name":"isOk","decl":{"start":{"line":70,"column":20},"end":{"line":72,"column":1}},"loc":{"start":{"line":70,"column":20},"end":{"line":72,"column":1}},"line":70},"19":{"name":"ok","decl":{"start":{"line":73,"column":18},"end":{"line":75,"column":1}},"loc":{"start":{"line":73,"column":18},"end":{"line":75,"column":1}},"line":73},"20":{"name":"err","decl":{"start":{"line":76,"column":19},"end":{"line":78,"column":1}},"loc":{"start":{"line":76,"column":19},"end":{"line":78,"column":1}},"line":76},"21":{"name":"unwrapResult","decl":{"start":{"line":79,"column":28},"end":{"line":82,"column":2}},"loc":{"start":{"line":79,"column":28},"end":{"line":82,"column":2}},"line":79},"22":{"name":"expectResult","decl":{"start":{"line":84,"column":28},"end":{"line":85,"column":25}},"loc":{"start":{"line":84,"column":28},"end":{"line":85,"column":25}},"line":84},"23":{"name":"unwrapErr","decl":{"start":{"line":87,"column":25},"end":{"line":90,"column":2}},"loc":{"start":{"line":87,"column":25},"end":{"line":90,"column":2}},"line":87},"24":{"name":"expectErr","decl":{"start":{"line":92,"column":25},"end":{"line":93,"column":22}},"loc":{"start":{"line":92,"column":25},"end":{"line":93,"column":22}},"line":92},"25":{"name":"unwrapOrResult","decl":{"start":{"line":95,"column":30},"end":{"line":96,"column":39}},"loc":{"start":{"line":95,"column":30},"end":{"line":96,"column":39}},"line":95},"26":{"name":"unwrapOrElseResult","decl":{"start":{"line":98,"column":34},"end":{"line":99,"column":40}},"loc":{"start":{"line":98,"column":34},"end":{"line":99,"column":40}},"line":98},"27":{"name":"mapResult","decl":{"start":{"line":102,"column":18},"end":{"line":103,"column":38}},"loc":{"start":{"line":102,"column":18},"end":{"line":103,"column":38}},"line":102},"28":{"name":"mapErr","decl":{"start":{"line":105,"column":22},"end":{"line":106,"column":40}},"loc":{"start":{"line":105,"column":22},"end":{"line":106,"column":40}},"line":105},"29":{"name":"andThenResult","decl":{"start":{"line":108,"column":29},"end":{"line":111,"column":53}},"loc":{"start":{"line":108,"column":29},"end":{"line":111,"column":53}},"line":108},"30":{"name":"orResult","decl":{"start":{"line":113,"column":17},"end":{"line":114,"column":26}},"loc":{"start":{"line":113,"column":17},"end":{"line":114,"column":26}},"line":113},"31":{"name":"orElseResult","decl":{"start":{"line":116,"column":28},"end":{"line":119,"column":53}},"loc":{"start":{"line":116,"column":28},"end":{"line":119,"column":53}},"line":116},"32":{"name":"okToOption","decl":{"start":{"line":122,"column":26},"end":{"line":123,"column":37}},"loc":{"start":{"line":122,"column":26},"end":{"line":123,"column":37}},"line":122},"33":{"name":"errToOption","decl":{"start":{"line":125,"column":27},"end":{"line":126,"column":38}},"loc":{"start":{"line":125,"column":27},"end":{"line":126,"column":38}},"line":125},"34":{"name":"matchResult","decl":{"start":{"line":129,"column":27},"end":{"line":133,"column":57}},"loc":{"start":{"line":129,"column":27},"end":{"line":133,"column":57}},"line":129},"35":{"name":"pipeOption","decl":{"start":{"line":137,"column":26},"end":{"line":154,"column":3}},"loc":{"start":{"line":137,"column":26},"end":{"line":154,"column":3}},"line":137},"36":{"name":"isSome","decl":{"start":{"line":138,"column":10},"end":{"line":138,"column":28}},"loc":{"start":{"line":138,"column":10},"end":{"line":138,"column":28}},"line":138},"37":{"name":"isNone","decl":{"start":{"line":139,"column":10},"end":{"line":139,"column":28}},"loc":{"start":{"line":139,"column":10},"end":{"line":139,"column":28}},"line":139},"38":{"name":"map","decl":{"start":{"line":140,"column":7},"end":{"line":140,"column":66}},"loc":{"start":{"line":140,"column":7},"end":{"line":140,"column":66}},"line":140},"39":{"name":"andThen","decl":{"start":{"line":141,"column":11},"end":{"line":141,"column":82}},"loc":{"start":{"line":141,"column":11},"end":{"line":141,"column":82}},"line":141},"40":{"name":"filter","decl":{"start":{"line":142,"column":10},"end":{"line":142,"column":89}},"loc":{"start":{"line":142,"column":10},"end":{"line":142,"column":89}},"line":142},"41":{"name":"okOr","decl":{"start":{"line":143,"column":8},"end":{"line":143,"column":42}},"loc":{"start":{"line":143,"column":8},"end":{"line":143,"column":42}},"line":143},"42":{"name":"okOrElse","decl":{"start":{"line":144,"column":12},"end":{"line":144,"column":50}},"loc":{"start":{"line":144,"column":12},"end":{"line":144,"column":50}},"line":144},"43":{"name":"or","decl":{"start":{"line":145,"column":6},"end":{"line":145,"column":61}},"loc":{"start":{"line":145,"column":6},"end":{"line":145,"column":61}},"line":145},"44":{"name":"orElse","decl":{"start":{"line":146,"column":10},"end":{"line":146,"column":69}},"loc":{"start":{"line":146,"column":10},"end":{"line":146,"column":69}},"line":146},"45":{"name":"zip","decl":{"start":{"line":147,"column":7},"end":{"line":147,"column":66}},"loc":{"start":{"line":147,"column":7},"end":{"line":147,"column":66}},"line":147},"46":{"name":"and","decl":{"start":{"line":148,"column":7},"end":{"line":148,"column":66}},"loc":{"start":{"line":148,"column":7},"end":{"line":148,"column":66}},"line":148},"47":{"name":"unwrap","decl":{"start":{"line":149,"column":10},"end":{"line":149,"column":51}},"loc":{"start":{"line":149,"column":10},"end":{"line":149,"column":51}},"line":149},"48":{"name":"expect","decl":{"start":{"line":150,"column":10},"end":{"line":150,"column":50}},"loc":{"start":{"line":150,"column":10},"end":{"line":150,"column":50}},"line":150},"49":{"name":"unwrapOr","decl":{"start":{"line":151,"column":12},"end":{"line":151,"column":61}},"loc":{"start":{"line":151,"column":12},"end":{"line":151,"column":61}},"line":151},"50":{"name":"unwrapOrElse","decl":{"start":{"line":152,"column":16},"end":{"line":152,"column":55}},"loc":{"start":{"line":152,"column":16},"end":{"line":152,"column":55}},"line":152},"51":{"name":"match","decl":{"start":{"line":153,"column":9},"end":{"line":153,"column":91}},"loc":{"start":{"line":153,"column":9},"end":{"line":153,"column":91}},"line":153},"52":{"name":"pipeResult","decl":{"start":{"line":155,"column":26},"end":{"line":172,"column":3}},"loc":{"start":{"line":155,"column":26},"end":{"line":172,"column":3}},"line":155},"53":{"name":"isOk","decl":{"start":{"line":156,"column":8},"end":{"line":156,"column":24}},"loc":{"start":{"line":156,"column":8},"end":{"line":156,"column":24}},"line":156},"54":{"name":"isErr","decl":{"start":{"line":157,"column":9},"end":{"line":157,"column":26}},"loc":{"start":{"line":157,"column":9},"end":{"line":157,"column":26}},"line":157},"55":{"name":"map","decl":{"start":{"line":158,"column":7},"end":{"line":158,"column":66}},"loc":{"start":{"line":158,"column":7},"end":{"line":158,"column":66}},"line":158},"56":{"name":"mapErr","decl":{"start":{"line":159,"column":10},"end":{"line":159,"column":66}},"loc":{"start":{"line":159,"column":10},"end":{"line":159,"column":66}},"line":159},"57":{"name":"andThen","decl":{"start":{"line":160,"column":11},"end":{"line":160,"column":85}},"loc":{"start":{"line":160,"column":11},"end":{"line":160,"column":85}},"line":160},"58":{"name":"or","decl":{"start":{"line":161,"column":6},"end":{"line":161,"column":64}},"loc":{"start":{"line":161,"column":6},"end":{"line":161,"column":64}},"line":161},"59":{"name":"orElse","decl":{"start":{"line":162,"column":10},"end":{"line":162,"column":80}},"loc":{"start":{"line":162,"column":10},"end":{"line":162,"column":80}},"line":162},"60":{"name":"ok","decl":{"start":{"line":163,"column":6},"end":{"line":163,"column":28}},"loc":{"start":{"line":163,"column":6},"end":{"line":163,"column":28}},"line":163},"61":{"name":"err","decl":{"start":{"line":164,"column":7},"end":{"line":164,"column":30}},"loc":{"start":{"line":164,"column":7},"end":{"line":164,"column":30}},"line":164},"62":{"name":"unwrap","decl":{"start":{"line":165,"column":10},"end":{"line":165,"column":51}},"loc":{"start":{"line":165,"column":10},"end":{"line":165,"column":51}},"line":165},"63":{"name":"expect","decl":{"start":{"line":166,"column":10},"end":{"line":166,"column":50}},"loc":{"start":{"line":166,"column":10},"end":{"line":166,"column":50}},"line":166},"64":{"name":"unwrapErr","decl":{"start":{"line":167,"column":13},"end":{"line":167,"column":51}},"loc":{"start":{"line":167,"column":13},"end":{"line":167,"column":51}},"line":167},"65":{"name":"expectErr","decl":{"start":{"line":168,"column":13},"end":{"line":168,"column":50}},"loc":{"start":{"line":168,"column":13},"end":{"line":168,"column":50}},"line":168},"66":{"name":"unwrapOr","decl":{"start":{"line":169,"column":12},"end":{"line":169,"column":67}},"loc":{"start":{"line":169,"column":12},"end":{"line":169,"column":67}},"line":169},"67":{"name":"unwrapOrElse","decl":{"start":{"line":170,"column":16},"end":{"line":170,"column":69}},"loc":{"start":{"line":170,"column":16},"end":{"line":170,"column":69}},"line":170},"68":{"name":"match","decl":{"start":{"line":171,"column":9},"end":{"line":171,"column":93}},"loc":{"start":{"line":171,"column":9},"end":{"line":171,"column":93}},"line":171}},"f":{"0":53,"1":50,"2":43,"3":23,"4":2,"5":2,"6":3,"7":1,"8":3,"9":3,"10":3,"11":4,"12":4,"13":3,"14":2,"15":3,"16":0,"17":30,"18":36,"19":28,"20":23,"21":15,"22":2,"23":8,"24":2,"25":2,"26":2,"27":3,"28":3,"29":4,"30":2,"31":5,"32":2,"33":2,"34":2,"35":23,"36":7,"37":7,"38":1,"39":0,"40":0,"41":0,"42":0,"43":0,"44":0,"45":0,"46":0,"47":8,"48":0,"49":0,"50":0,"51":0,"52":52,"53":4,"54":6,"55":3,"56":3,"57":4,"58":2,"59":5,"60":2,"61":2,"62":11,"63":2,"64":6,"65":2,"66":2,"67":2,"68":2}}
}
